

Microchip MPLAB XC8 Assembler V2.50 build 20240725155939 
                                                                                                           Wed Dec 18 11:48:01 2024


     1                           	processor	18F57Q43
     2                           	pagewidth 132
     3                           	psect	const,global,reloc=2,class=CONST,space=0,delta=1,noexec
     4                           	psect	smallconst,global,reloc=2,class=SMALLCONST,space=0,delta=1,noexec
     5                           	psect	mediumconst,global,reloc=2,class=MEDIUMCONST,space=0,delta=1,noexec
     6                           	psect	rbss,global,class=COMRAM,space=1,delta=1,noexec
     7                           	psect	bss,global,class=RAM,space=1,delta=1,noexec
     8                           	psect	rdata,global,class=COMRAM,space=1,delta=1,noexec
     9                           	psect	irdata,global,reloc=2,class=CODE,space=0,delta=1,noexec
    10                           	psect	data,global,class=RAM,space=1,delta=1,noexec
    11                           	psect	idata,global,reloc=2,class=CODE,space=0,delta=1,noexec
    12                           	psect	nvrram,global,class=COMRAM,space=1,delta=1,noexec
    13                           	psect	nvbit,global,bit,class=COMRAM,space=1,delta=1,noexec
    14                           	psect	temp,global,ovrld,class=COMRAM,space=1,delta=1,noexec
    15                           	psect	struct,global,ovrld,class=COMRAM,space=1,delta=1,noexec
    16                           	psect	rbit,global,bit,class=COMRAM,space=1,delta=1,noexec
    17                           	psect	bigbss,global,class=BIGRAM,space=1,delta=1,noexec
    18                           	psect	bigdata,global,class=BIGRAM,space=1,delta=1,noexec
    19                           	psect	ibigdata,global,reloc=2,class=CODE,space=0,delta=1,noexec
    20                           	psect	farbss,global,reloc=2,class=FARRAM,space=0,delta=1,noexec
    21                           	psect	nvFARRAM,global,reloc=2,class=FARRAM,space=0,delta=1,noexec
    22                           	psect	fardata,global,reloc=2,class=FARRAM,space=0,delta=1,noexec
    23                           	psect	ifardata,global,reloc=2,class=CODE,space=0,delta=1,noexec
    24                           	psect	reset_vec,global,reloc=2,class=CODE,space=0,delta=1
    25                           	psect	powerup,global,reloc=2,class=CODE,space=0,delta=1
    26                           	psect	init,global,reloc=2,class=CODE,space=0,delta=1
    27                           	psect	text,global,reloc=2,class=CODE,space=0,delta=1
    28                           	psect	clrtext,global,reloc=2,class=CODE,space=0,delta=1
    29                           	psect	config,global,class=CONFIG,space=4,delta=1,noexec
    30                           	psect	idloc,global,class=IDLOC,space=5,delta=1,noexec
    31                           	psect	eeprom_data,global,class=EEDATA,space=0,delta=1,noexec
    32                           	psect	ramtop,global,class=RAM,space=0,delta=1,noexec
    33                           	psect	stack,global,class=STACK,space=2,delta=1,noexec
    34                           	psect	heap,global,class=HEAP,space=7,delta=1,noexec
    35                           	psect	comram,global,class=COMRAM,space=1,delta=1
    36                           	psect	abs1,global,class=ABS1,space=1,delta=1
    37                           	psect	bigram,global,class=BIGRAM,space=1,delta=1
    38                           	psect	ram,global,class=RAM,space=1,delta=1
    39                           	psect	bank5,global,class=BANK5,space=1,delta=1
    40                           	psect	bank6,global,class=BANK6,space=1,delta=1
    41                           	psect	bank7,global,class=BANK7,space=1,delta=1
    42                           	psect	bank8,global,class=BANK8,space=1,delta=1
    43                           	psect	bank9,global,class=BANK9,space=1,delta=1
    44                           	psect	bank10,global,class=BANK10,space=1,delta=1
    45                           	psect	bank11,global,class=BANK11,space=1,delta=1
    46                           	psect	bank12,global,class=BANK12,space=1,delta=1
    47                           	psect	bank13,global,class=BANK13,space=1,delta=1
    48                           	psect	bank14,global,class=BANK14,space=1,delta=1
    49                           	psect	bank15,global,class=BANK15,space=1,delta=1
    50                           	psect	bank16,global,class=BANK16,space=1,delta=1
    51                           	psect	bank17,global,class=BANK17,space=1,delta=1
    52                           	psect	bank18,global,class=BANK18,space=1,delta=1
    53                           	psect	bank19,global,class=BANK19,space=1,delta=1
    54                           	psect	bank20,global,class=BANK20,space=1,delta=1
    55                           	psect	bank21,global,class=BANK21,space=1,delta=1
    56                           	psect	bank22,global,class=BANK22,space=1,delta=1
    57                           	psect	bank23,global,class=BANK23,space=1,delta=1
    58                           	psect	bank24,global,class=BANK24,space=1,delta=1
    59                           	psect	bank25,global,class=BANK25,space=1,delta=1
    60                           	psect	bank26,global,class=BANK26,space=1,delta=1
    61                           	psect	bank27,global,class=BANK27,space=1,delta=1
    62                           	psect	bank28,global,class=BANK28,space=1,delta=1
    63                           	psect	bank29,global,class=BANK29,space=1,delta=1
    64                           	psect	bank30,global,class=BANK30,space=1,delta=1
    65                           	psect	bank31,global,class=BANK31,space=1,delta=1
    66                           	psect	bank32,global,class=BANK32,space=1,delta=1
    67                           	psect	bank33,global,class=BANK33,space=1,delta=1
    68                           	psect	bank34,global,class=BANK34,space=1,delta=1
    69                           	psect	bank35,global,class=BANK35,space=1,delta=1
    70                           	psect	bank36,global,class=BANK36,space=1,delta=1
    71                           	psect	sfr,global,class=SFR,space=1,delta=1
    72                           	psect	bigsfr,global,class=BIGSFR,space=1,delta=1
    73                           
    74                           ; Microchip MPLAB XC8 C Compiler V2.50
    75                           ; Copyright (C) 2024 Microchip Technology Inc.
    76                           ; Auto-generated runtime startup code for final link stage.
    77                           ;
    78                           ; Compiler options:
    79                           ;
    80                           ; -q --opt=none --chip=18f57q43 \
    81                           ; -Mdist/default/production/PIC_Assignment_Dimitrios_Kyranos.X_-_Copy.production.map \
    82                           ; -DXPRJ_default=default -L--defsym=__MPLAB_BUILD=1 \
    83                           ; --dfp=C:/Program Files/Microchip/MPLABX/v6.20/packs/Microchip/PIC18F-Q_DFP/1.24.430/xc8 \
    84                           ; --summary=+xml --summarydir=dist/default/production/memoryfile.xml \
    85                           ; -oPIC_Assignment_Dimitrios_Kyranos.X_-_Copy.production.elf \
    86                           ; --objdir=dist/default/production --outdir=dist/default/production \
    87                           ; build/default/production/mcc_generated_files/spi/src/spi1.p1 \
    88                           ; build/default/production/mcc_generated_files/system/src/pins.p1 \
    89                           ; build/default/production/mcc_generated_files/system/src/config_bits.p1 \
    90                           ; build/default/production/mcc_generated_files/system/src/interrupt.p1 \
    91                           ; build/default/production/mcc_generated_files/system/src/clock.p1 \
    92                           ; build/default/production/mcc_generated_files/system/src/system.p1 \
    93                           ; build/default/production/mcc_generated_files/timer/src/tmr0.p1 \
    94                           ; build/default/production/main.p1 build/default/production/nrf24.p1 \
    95                           ; -L--fixupoverflow=error --std=c99 --callgraph=none --warn=-3 \
    96                           ; --errformat=%f:%l:%c: error: (%n) %s \
    97                           ; --warnformat=%f:%l:%c: warning: (%n) %s \
    98                           ; --msgformat=%f:%l:%c: advisory: (%n) %s
    99                           ;
   100   000000                     
   101                           ; Generated 18/12/2023 GMT
   102                           ; 
   103                           ; Copyright © 2023, Microchip Technology Inc. and its subsidiaries ("Microchip")
   104                           ; All rights reserved.
   105                           ; 
   106                           ; This software is developed by Microchip Technology Inc. and its subsidiaries ("Microchip").
   107                           ; 
   108                           ; Redistribution and use in source and binary forms, with or without modification, are
   109                           ; permitted provided that the following conditions are met:
   110                           ; 
   111                           ;     1. Redistributions of source code must retain the above copyright notice, this list of
   112                           ;        conditions and the following disclaimer.
   113                           ; 
   114                           ;     2. Redistributions in binary form must reproduce the above copyright notice, this list
   115                           ;        of conditions and the following disclaimer in the documentation and/or other
   116                           ;        materials provided with the distribution. Publication is not required when
   117                           ;        this file is used in an embedded application.
   118                           ; 
   119                           ;     3. Microchip's name may not be used to endorse or promote products derived from this
   120                           ;        software without specific prior written permission.
   121                           ; 
   122                           ; THIS SOFTWARE IS PROVIDED BY MICROCHIP "AS IS" AND ANY EXPRESS OR IMPLIED WARRANTIES,
   123                           ; INCLUDING, BUT NOT LIMITED TO, THE IMPLIED WARRANTIES OF MERCHANTABILITY AND FITNESS FOR
   124                           ; PURPOSE ARE DISCLAIMED.  IN NO EVENT SHALL MICROCHIP BE LIABLE FOR ANY DIRECT, INDIRECT,
   125                           ; INCIDENTAL, SPECIAL, EXEMPLARY, OR CONSEQUENTIAL DAMAGES (INCLUDING BUT NOT LIMITED TO
   126                           ; PROCUREMENT OF SUBSTITUTE GOODS OR SERVICES; LOSS OF USE, DATA OR PROFITS; OR BUSINESS
   127                           ; INTERRUPTION) HOWSOEVER CAUSED AND ON ANY THEORY OF LIABILITY, WHETHER IN CONTRACT, STRICT
   128                           ; LIABILITY, OR TORT (INCLUDING NEGLIGENCE OR OTHERWISE) ARISING IN ANY WAY OUT OF THE USE OF
   129                           ; THIS SOFTWARE, EVEN IF ADVISED OF THE POSSIBILITY OF SUCH DAMAGE.
   130                           ; 
   131                           ; 
   132                           ; Code-generator required, PIC18F57Q43 Definitions
   133                           ; 
   134                           ; SFR Addresses
   135   0004E0                     bsr             equ	1248
   136   0004E9                     fsr0            equ	1257
   137   0004EA                     fsr0h           equ	1258
   138   0004E9                     fsr0l           equ	1257
   139   0004E1                     fsr1            equ	1249
   140   0004E2                     fsr1h           equ	1250
   141   0004E1                     fsr1l           equ	1249
   142   0004D9                     fsr2            equ	1241
   143   0004DA                     fsr2h           equ	1242
   144   0004D9                     fsr2l           equ	1241
   145   0004EF                     indf0           equ	1263
   146   0004E7                     indf1           equ	1255
   147   0004DF                     indf2           equ	1247
   148   0004D6                     intcon          equ	1238
   149   000041                     nvmcon          equ	65
   150   0004F9                     pcl             equ	1273
   151   0004FA                     pclath          equ	1274
   152   0004FB                     pclatu          equ	1275
   153   0004EB                     plusw0          equ	1259
   154   0004E3                     plusw1          equ	1251
   155   0004DB                     plusw2          equ	1243
   156   0004ED                     postdec0        equ	1261
   157   0004E5                     postdec1        equ	1253
   158   0004DD                     postdec2        equ	1245
   159   0004EE                     postinc0        equ	1262
   160   0004E6                     postinc1        equ	1254
   161   0004DE                     postinc2        equ	1246
   162   0004EC                     preinc0         equ	1260
   163   0004E4                     preinc1         equ	1252
   164   0004DC                     preinc2         equ	1244
   165   0004F3                     prod            equ	1267
   166   0004F4                     prodh           equ	1268
   167   0004F3                     prodl           equ	1267
   168   0004D8                     status          equ	1240
   169   0004F5                     tablat          equ	1269
   170   0004F6                     tblptr          equ	1270
   171   0004F7                     tblptrh         equ	1271
   172   0004F6                     tblptrl         equ	1270
   173   0004F8                     tblptru         equ	1272
   174   0004FD                     tosl            equ	1277
   175   0004E8                     wreg            equ	1256
   176   000001                     pic18cxx        equ	1
   177                           
   178                           	psect	smallconst
   179   002600                     __smallconst:
   180                           	callstack 0
   181                           
   182                           	psect	mediumconst
   183   000000                     __mediumconst:
   184                           	callstack 0	; top of RAM usage
   185                           
   186                           	psect	reset_vec
   187   000000                     
   188                           ; No powerup routine
   189                           ; jump to start
   190   000000  EF81  F000         	goto	start
   191   000560                     __accesstop     equ	1376
   192                           
   193                           ;Initialize the stack pointer (FSR1)
   194   000000                     stacklo         equ	0
   195   000000                     stackhi         equ	0
   196                           
   197                           	psect	init
   198   000102                     start:
   199                           	callstack 0
   200   000102  EF30  F015         	goto	start_initialization	;jump to C runtime clear & initialization
   201                           
   202                           	psect	text
   203   000000                     intlevel0:
   204                           	callstack 0
   205   000000                     intlevel1:
   206                           	callstack 0
   207   000000                     intlevel2:
   208                           	callstack 0
   209   000000                     intlevel3:
   210                           	callstack 0
   211                           
   212                           	psect	ramtop
   213   002600                     __ramtop:
   214                           	callstack 0
   215                           
   216                           	psect	stack
   217   000000                     ___sp:
   218                           	callstack 0
   219   000000                     ___inthi_sp:
   220                           	callstack 0
   221   000000                     ___intlo_sp:
   222                           	callstack 0
   223   000000                     ___stack_lo:
   224                           	callstack 0
   225   000000                     ___stack_hi:
   226                           	callstack 0
   227   000000                     ___inthi_stack_lo:
   228                           	callstack 0
   229   000000                     ___inthi_stack_hi:
   230                           	callstack 0
   231   000000                     ___intlo_stack_lo:
   232                           	callstack 0
   233   000000                     ___intlo_stack_hi:
   234                           	callstack 0
   235                           
   236                           ; No heap to be allocated
   237                           
   238                           	psect	heap
   239   000000                     ___heap_lo      equ	0
   240   000000                     ___heap_hi      equ	0
   241                           tosu	equ	0x4FF
   242                           tosh	equ	0x4FE
   243                           tosl	equ	0x4FD
   244                           stkptr	equ	0x4FC
   245                           pclatu	equ	0x4FB
   246                           pclath	equ	0x4FA
   247                           pcl	equ	0x4F9
   248                           tblptru	equ	0x4F8
   249                           tblptrh	equ	0x4F7
   250                           tblptrl	equ	0x4F6
   251                           tablat	equ	0x4F5
   252                           prodh	equ	0x4F4
   253                           prodl	equ	0x4F3
   254                           indf0	equ	0x4EF
   255                           postinc0	equ	0x4EE
   256                           postdec0	equ	0x4ED
   257                           preinc0	equ	0x4EC
   258                           plusw0	equ	0x4EB
   259                           fsr0h	equ	0x4EA
   260                           fsr0l	equ	0x4E9
   261                           wreg	equ	0x4E8
   262                           indf1	equ	0x4E7
   263                           postinc1	equ	0x4E6
   264                           postdec1	equ	0x4E5
   265                           preinc1	equ	0x4E4
   266                           plusw1	equ	0x4E3
   267                           fsr1h	equ	0x4E2
   268                           fsr1l	equ	0x4E1
   269                           bsr	equ	0x4E0
   270                           indf2	equ	0x4DF
   271                           postinc2	equ	0x4DE
   272                           postdec2	equ	0x4DD
   273                           preinc2	equ	0x4DC
   274                           plusw2	equ	0x4DB
   275                           fsr2h	equ	0x4DA
   276                           fsr2l	equ	0x4D9
   277                           status	equ	0x4D8


Microchip Technology PIC18 Macro Assembler V2.50 build 20240725155939 
Symbol Table                                                                                               Wed Dec 18 11:48:01 2024

                __S1 0567                 ___sp 0000                 _main 27A0                 start 0102  
              __HRAM 0000                __LRAM 0001               isa$std 0001     ___inthi_stack_hi 0000  
   ___inthi_stack_lo 0000         __mediumconst 0000               stackhi 0000               stacklo 0000  
         __accesstop 0560           ___inthi_sp 0000           ___intlo_sp 0000           ___stack_hi 0000  
         ___stack_lo 0000     ___intlo_stack_hi 0000     ___intlo_stack_lo 0000              __ramtop 2600  
start_initialization 2A60            ___heap_hi 0000            ___heap_lo 0000          __smallconst 2600  
           isa$xinst 0000             intlevel0 0000             intlevel1 0000             intlevel2 0000  
           intlevel3 0000             reset_vec 0000  
